# JRE version: Java(TM) SE Runtime Environment (8.0_121-b13) (build 1.8.0_121-b13)
# Java VM: Java HotSpot(TM) 64-Bit Server VM (25.121-b13 mixed mode windows-amd64 compressed oops)
Heap:
 PSYoungGen      total 193536K, used 56247K [0x00000000eab00000, 0x00000000f8480000, 0x0000000100000000)
  eden space 177664K, 23% used [0x00000000eab00000,0x00000000ed3a44a8,0x00000000f5880000)
  from space 15872K, 92% used [0x00000000f7500000,0x00000000f83497b0,0x00000000f8480000)
  to   space 22528K, 0% used [0x00000000f5880000,0x00000000f5880000,0x00000000f6e80000)
 ParOldGen       total 162816K, used 36545K [0x00000000c0000000, 0x00000000c9f00000, 0x00000000eab00000)
  object space 162816K, 22% used [0x00000000c0000000,0x00000000c23b04d8,0x00000000c9f00000)
 Metaspace       used 64749K, capacity 66948K, committed 67112K, reserved 1107968K
  class space    used 8621K, capacity 9139K, committed 9264K, reserved 1048576K
GC Heap History (10 events):
Event: 8.004 GC heap before
{Heap before GC invocations=11 (full 2):
 PSYoungGen      total 141312K, used 140853K [0x00000000eab00000, 0x00000000f4700000, 0x0000000100000000)
  eden space 130560K, 100% used [0x00000000eab00000,0x00000000f2a80000,0x00000000f2a80000)
  from space 10752K, 95% used [0x00000000f3c80000,0x00000000f468d608,0x00000000f4700000)
  to   space 12288K, 0% used [0x00000000f2f00000,0x00000000f2f00000,0x00000000f3b00000)
 ParOldGen       total 105472K, used 16057K [0x00000000c0000000, 0x00000000c6700000, 0x00000000eab00000)
  object space 105472K, 15% used [0x00000000c0000000,0x00000000c0fae7f0,0x00000000c6700000)
 Metaspace       used 46509K, capacity 47474K, committed 47656K, reserved 1089536K
  class space    used 6338K, capacity 6654K, committed 6704K, reserved 1048576K
Event: 8.017 GC heap after
Heap after GC invocations=11 (full 2):
 PSYoungGen      total 147456K, used 12282K [0x00000000eab00000, 0x00000000f6100000, 0x0000000100000000)
  eden space 135168K, 0% used [0x00000000eab00000,0x00000000eab00000,0x00000000f2f00000)
  from space 12288K, 99% used [0x00000000f2f00000,0x00000000f3afea68,0x00000000f3b00000)
  to   space 14336K, 0% used [0x00000000f5300000,0x00000000f5300000,0x00000000f6100000)
 ParOldGen       total 105472K, used 18100K [0x00000000c0000000, 0x00000000c6700000, 0x00000000eab00000)
  object space 105472K, 17% used [0x00000000c0000000,0x00000000c11ad3d0,0x00000000c6700000)
 Metaspace       used 46509K, capacity 47474K, committed 47656K, reserved 1089536K
  class space    used 6338K, capacity 6654K, committed 6704K, reserved 1048576K
}
Event: 10.496 GC heap before
{Heap before GC invocations=12 (full 2):
 PSYoungGen      total 147456K, used 147450K [0x00000000eab00000, 0x00000000f6100000, 0x0000000100000000)
  eden space 135168K, 100% used [0x00000000eab00000,0x00000000f2f00000,0x00000000f2f00000)
  from space 12288K, 99% used [0x00000000f2f00000,0x00000000f3afea68,0x00000000f3b00000)
  to   space 14336K, 0% used [0x00000000f5300000,0x00000000f5300000,0x00000000f6100000)
 ParOldGen       total 105472K, used 18100K [0x00000000c0000000, 0x00000000c6700000, 0x00000000eab00000)
  object space 105472K, 17% used [0x00000000c0000000,0x00000000c11ad3d0,0x00000000c6700000)
 Metaspace       used 54270K, capacity 55818K, committed 55976K, reserved 1097728K
  class space    used 7471K, capacity 7832K, committed 7856K, reserved 1048576K
Event: 10.542 GC heap after
Heap after GC invocations=12 (full 2):
 PSYoungGen      total 167424K, used 14329K [0x00000000eab00000, 0x00000000f7080000, 0x0000000100000000)
  eden space 153088K, 0% used [0x00000000eab00000,0x00000000eab00000,0x00000000f4080000)
  from space 14336K, 99% used [0x00000000f5300000,0x00000000f60fe4c0,0x00000000f6100000)
  to   space 18944K, 0% used [0x00000000f4080000,0x00000000f4080000,0x00000000f5300000)
 ParOldGen       total 105472K, used 26407K [0x00000000c0000000, 0x00000000c6700000, 0x00000000eab00000)
  object space 105472K, 25% used [0x00000000c0000000,0x00000000c19c9d08,0x00000000c6700000)
 Metaspace       used 54270K, capacity 55818K, committed 55976K, reserved 1097728K
  class space    used 7471K, capacity 7832K, committed 7856K, reserved 1048576K
}
Event: 12.522 GC heap before
{Heap before GC invocations=13 (full 2):
 PSYoungGen      total 167424K, used 96193K [0x00000000eab00000, 0x00000000f7080000, 0x0000000100000000)
  eden space 153088K, 53% used [0x00000000eab00000,0x00000000efaf1fb8,0x00000000f4080000)
  from space 14336K, 99% used [0x00000000f5300000,0x00000000f60fe4c0,0x00000000f6100000)
  to   space 18944K, 0% used [0x00000000f4080000,0x00000000f4080000,0x00000000f5300000)
 ParOldGen       total 105472K, used 26407K [0x00000000c0000000, 0x00000000c6700000, 0x00000000eab00000)
  object space 105472K, 25% used [0x00000000c0000000,0x00000000c19c9d08,0x00000000c6700000)
 Metaspace       used 57372K, capacity 59040K, committed 59160K, reserved 1099776K
  class space    used 7897K, capacity 8341K, committed 8368K, reserved 1048576K
Event: 12.544 GC heap after
Heap after GC invocations=13 (full 2):
 PSYoungGen      total 172032K, used 18922K [0x00000000eab00000, 0x00000000f8b00000, 0x0000000100000000)
  eden space 153088K, 0% used [0x00000000eab00000,0x00000000eab00000,0x00000000f4080000)
  from space 18944K, 99% used [0x00000000f4080000,0x00000000f52fa9b0,0x00000000f5300000)
  to   space 22528K, 0% used [0x00000000f7500000,0x00000000f7500000,0x00000000f8b00000)
 ParOldGen       total 105472K, used 28407K [0x00000000c0000000, 0x00000000c6700000, 0x00000000eab00000)
  object space 105472K, 26% used [0x00000000c0000000,0x00000000c1bbdc00,0x00000000c6700000)
 Metaspace       used 57372K, capacity 59040K, committed 59160K, reserved 1099776K
  class space    used 7897K, capacity 8341K, committed 8368K, reserved 1048576K
}
Event: 12.544 GC heap before
{Heap before GC invocations=14 (full 3):
 PSYoungGen      total 172032K, used 18922K [0x00000000eab00000, 0x00000000f8b00000, 0x0000000100000000)
  eden space 153088K, 0% used [0x00000000eab00000,0x00000000eab00000,0x00000000f4080000)
  from space 18944K, 99% used [0x00000000f4080000,0x00000000f52fa9b0,0x00000000f5300000)
  to   space 22528K, 0% used [0x00000000f7500000,0x00000000f7500000,0x00000000f8b00000)
 ParOldGen       total 105472K, used 28407K [0x00000000c0000000, 0x00000000c6700000, 0x00000000eab00000)
  object space 105472K, 26% used [0x00000000c0000000,0x00000000c1bbdc00,0x00000000c6700000)
 Metaspace       used 57372K, capacity 59040K, committed 59160K, reserved 1099776K
  class space    used 7897K, capacity 8341K, committed 8368K, reserved 1048576K
Event: 12.783 GC heap after
Heap after GC invocations=14 (full 3):
 PSYoungGen      total 172032K, used 0K [0x00000000eab00000, 0x00000000f8b00000, 0x0000000100000000)
  eden space 153088K, 0% used [0x00000000eab00000,0x00000000eab00000,0x00000000f4080000)
  from space 18944K, 0% used [0x00000000f4080000,0x00000000f4080000,0x00000000f5300000)
  to   space 22528K, 0% used [0x00000000f7500000,0x00000000f7500000,0x00000000f8b00000)
 ParOldGen       total 162816K, used 36537K [0x00000000c0000000, 0x00000000c9f00000, 0x00000000eab00000)
  object space 162816K, 22% used [0x00000000c0000000,0x00000000c23ae4d8,0x00000000c9f00000)
 Metaspace       used 57372K, capacity 59040K, committed 59160K, reserved 1099776K
  class space    used 7897K, capacity 8341K, committed 8368K, reserved 1048576K
}
Event: 519.843 GC heap before
{Heap before GC invocations=15 (full 3):
 PSYoungGen      total 172032K, used 153088K [0x00000000eab00000, 0x00000000f8b00000, 0x0000000100000000)
  eden space 153088K, 100% used [0x00000000eab00000,0x00000000f4080000,0x00000000f4080000)
  from space 18944K, 0% used [0x00000000f4080000,0x00000000f4080000,0x00000000f5300000)
  to   space 22528K, 0% used [0x00000000f7500000,0x00000000f7500000,0x00000000f8b00000)
 ParOldGen       total 162816K, used 36537K [0x00000000c0000000, 0x00000000c9f00000, 0x00000000eab00000)
  object space 162816K, 22% used [0x00000000c0000000,0x00000000c23ae4d8,0x00000000c9f00000)
 Metaspace       used 64632K, capacity 66796K, committed 66984K, reserved 1107968K
  class space    used 8619K, capacity 9135K, committed 9136K, reserved 1048576K
Event: 519.865 GC heap after
Heap after GC invocations=15 (full 3):
 PSYoungGen      total 193536K, used 14629K [0x00000000eab00000, 0x00000000f8480000, 0x0000000100000000)
  eden space 177664K, 0% used [0x00000000eab00000,0x00000000eab00000,0x00000000f5880000)
  from space 15872K, 92% used [0x00000000f7500000,0x00000000f83497b0,0x00000000f8480000)
  to   space 22528K, 0% used [0x00000000f5880000,0x00000000f5880000,0x00000000f6e80000)
 ParOldGen       total 162816K, used 36545K [0x00000000c0000000, 0x00000000c9f00000, 0x00000000eab00000)
  object space 162816K, 22% used [0x00000000c0000000,0x00000000c23b04d8,0x00000000c9f00000)
 Metaspace       used 64632K, capacity 66796K, committed 66984K, reserved 1107968K
  class space    used 8619K, capacity 9135K, committed 9136K, reserved 1048576K
}

