# JRE version: Java(TM) SE Runtime Environment (8.0_121-b13) (build 1.8.0_121-b13)
# Java VM: Java HotSpot(TM) 64-Bit Server VM (25.121-b13 mixed mode windows-amd64 compressed oops)
Heap:
 PSYoungGen      total 180736K, used 138461K [0x00000000eab00000, 0x00000000f8780000, 0x0000000100000000)
  eden space 151552K, 76% used [0x00000000eab00000,0x00000000f1c222d8,0x00000000f3f00000)
  from space 29184K, 77% used [0x00000000f3f00000,0x00000000f5515300,0x00000000f5b80000)
  to   space 30720K, 0% used [0x00000000f6980000,0x00000000f6980000,0x00000000f8780000)
 ParOldGen       total 158720K, used 37691K [0x00000000c0000000, 0x00000000c9b00000, 0x00000000eab00000)
  object space 158720K, 23% used [0x00000000c0000000,0x00000000c24ceea0,0x00000000c9b00000)
 Metaspace       used 68379K, capacity 72196K, committed 72344K, reserved 1112064K
  class space    used 9178K, capacity 10046K, committed 10144K, reserved 1048576K
GC Heap History (10 events):
Event: 18.026 GC heap before
{Heap before GC invocations=18 (full 3):
 PSYoungGen      total 130560K, used 113664K [0x00000000eab00000, 0x00000000f5100000, 0x0000000100000000)
  eden space 113664K, 100% used [0x00000000eab00000,0x00000000f1a00000,0x00000000f1a00000)
  from space 16896K, 0% used [0x00000000f2f80000,0x00000000f2f80000,0x00000000f4000000)
  to   space 22016K, 0% used [0x00000000f1a00000,0x00000000f1a00000,0x00000000f2f80000)
 ParOldGen       total 158720K, used 37651K [0x00000000c0000000, 0x00000000c9b00000, 0x00000000eab00000)
  object space 158720K, 23% used [0x00000000c0000000,0x00000000c24c4ea0,0x00000000c9b00000)
 Metaspace       used 58925K, capacity 61100K, committed 61208K, reserved 1101824K
  class space    used 8127K, capacity 8671K, committed 8736K, reserved 1048576K
Event: 18.053 GC heap after
Heap after GC invocations=18 (full 3):
 PSYoungGen      total 135680K, used 12508K [0x00000000eab00000, 0x00000000f6000000, 0x0000000100000000)
  eden space 113664K, 0% used [0x00000000eab00000,0x00000000eab00000,0x00000000f1a00000)
  from space 22016K, 56% used [0x00000000f1a00000,0x00000000f26371d0,0x00000000f2f80000)
  to   space 21504K, 0% used [0x00000000f4b00000,0x00000000f4b00000,0x00000000f6000000)
 ParOldGen       total 158720K, used 37659K [0x00000000c0000000, 0x00000000c9b00000, 0x00000000eab00000)
  object space 158720K, 23% used [0x00000000c0000000,0x00000000c24c6ea0,0x00000000c9b00000)
 Metaspace       used 58925K, capacity 61100K, committed 61208K, reserved 1101824K
  class space    used 8127K, capacity 8671K, committed 8736K, reserved 1048576K
}
Event: 67.930 GC heap before
{Heap before GC invocations=19 (full 3):
 PSYoungGen      total 135680K, used 126172K [0x00000000eab00000, 0x00000000f6000000, 0x0000000100000000)
  eden space 113664K, 100% used [0x00000000eab00000,0x00000000f1a00000,0x00000000f1a00000)
  from space 22016K, 56% used [0x00000000f1a00000,0x00000000f26371d0,0x00000000f2f80000)
  to   space 21504K, 0% used [0x00000000f4b00000,0x00000000f4b00000,0x00000000f6000000)
 ParOldGen       total 158720K, used 37659K [0x00000000c0000000, 0x00000000c9b00000, 0x00000000eab00000)
  object space 158720K, 23% used [0x00000000c0000000,0x00000000c24c6ea0,0x00000000c9b00000)
 Metaspace       used 64149K, capacity 66916K, committed 67224K, reserved 1107968K
  class space    used 8655K, capacity 9326K, committed 9376K, reserved 1048576K
Event: 67.952 GC heap after
Heap after GC invocations=19 (full 3):
 PSYoungGen      total 159232K, used 21136K [0x00000000eab00000, 0x00000000f6180000, 0x0000000100000000)
  eden space 137728K, 0% used [0x00000000eab00000,0x00000000eab00000,0x00000000f3180000)
  from space 21504K, 98% used [0x00000000f4b00000,0x00000000f5fa41d8,0x00000000f6000000)
  to   space 24576K, 0% used [0x00000000f3180000,0x00000000f3180000,0x00000000f4980000)
 ParOldGen       total 158720K, used 37667K [0x00000000c0000000, 0x00000000c9b00000, 0x00000000eab00000)
  object space 158720K, 23% used [0x00000000c0000000,0x00000000c24c8ea0,0x00000000c9b00000)
 Metaspace       used 64149K, capacity 66916K, committed 67224K, reserved 1107968K
  class space    used 8655K, capacity 9326K, committed 9376K, reserved 1048576K
}
Event: 117.580 GC heap before
{Heap before GC invocations=20 (full 3):
 PSYoungGen      total 159232K, used 158864K [0x00000000eab00000, 0x00000000f6180000, 0x0000000100000000)
  eden space 137728K, 100% used [0x00000000eab00000,0x00000000f3180000,0x00000000f3180000)
  from space 21504K, 98% used [0x00000000f4b00000,0x00000000f5fa41d8,0x00000000f6000000)
  to   space 24576K, 0% used [0x00000000f3180000,0x00000000f3180000,0x00000000f4980000)
 ParOldGen       total 158720K, used 37667K [0x00000000c0000000, 0x00000000c9b00000, 0x00000000eab00000)
  object space 158720K, 23% used [0x00000000c0000000,0x00000000c24c8ea0,0x00000000c9b00000)
 Metaspace       used 66639K, capacity 69784K, committed 69912K, reserved 1110016K
  class space    used 8989K, capacity 9748K, committed 9760K, reserved 1048576K
Event: 117.604 GC heap after
Heap after GC invocations=20 (full 3):
 PSYoungGen      total 162304K, used 20608K [0x00000000eab00000, 0x00000000f7580000, 0x0000000100000000)
  eden space 137728K, 0% used [0x00000000eab00000,0x00000000eab00000,0x00000000f3180000)
  from space 24576K, 83% used [0x00000000f3180000,0x00000000f45a0030,0x00000000f4980000)
  to   space 26624K, 0% used [0x00000000f5b80000,0x00000000f5b80000,0x00000000f7580000)
 ParOldGen       total 158720K, used 37675K [0x00000000c0000000, 0x00000000c9b00000, 0x00000000eab00000)
  object space 158720K, 23% used [0x00000000c0000000,0x00000000c24caea0,0x00000000c9b00000)
 Metaspace       used 66639K, capacity 69784K, committed 69912K, reserved 1110016K
  class space    used 8989K, capacity 9748K, committed 9760K, reserved 1048576K
}
Event: 141.240 GC heap before
{Heap before GC invocations=21 (full 3):
 PSYoungGen      total 162304K, used 158336K [0x00000000eab00000, 0x00000000f7580000, 0x0000000100000000)
  eden space 137728K, 100% used [0x00000000eab00000,0x00000000f3180000,0x00000000f3180000)
  from space 24576K, 83% used [0x00000000f3180000,0x00000000f45a0030,0x00000000f4980000)
  to   space 26624K, 0% used [0x00000000f5b80000,0x00000000f5b80000,0x00000000f7580000)
 ParOldGen       total 158720K, used 37675K [0x00000000c0000000, 0x00000000c9b00000, 0x00000000eab00000)
  object space 158720K, 23% used [0x00000000c0000000,0x00000000c24caea0,0x00000000c9b00000)
 Metaspace       used 67824K, capacity 71212K, committed 71448K, reserved 1110016K
  class space    used 9137K, capacity 9952K, committed 10016K, reserved 1048576K
Event: 141.292 GC heap after
Heap after GC invocations=21 (full 3):
 PSYoungGen      total 178176K, used 22682K [0x00000000eab00000, 0x00000000f7800000, 0x0000000100000000)
  eden space 151552K, 0% used [0x00000000eab00000,0x00000000eab00000,0x00000000f3f00000)
  from space 26624K, 85% used [0x00000000f5b80000,0x00000000f71a6928,0x00000000f7580000)
  to   space 29184K, 0% used [0x00000000f3f00000,0x00000000f3f00000,0x00000000f5b80000)
 ParOldGen       total 158720K, used 37683K [0x00000000c0000000, 0x00000000c9b00000, 0x00000000eab00000)
  object space 158720K, 23% used [0x00000000c0000000,0x00000000c24ccea0,0x00000000c9b00000)
 Metaspace       used 67824K, capacity 71212K, committed 71448K, reserved 1110016K
  class space    used 9137K, capacity 9952K, committed 10016K, reserved 1048576K
}
Event: 156.237 GC heap before
{Heap before GC invocations=22 (full 3):
 PSYoungGen      total 178176K, used 174234K [0x00000000eab00000, 0x00000000f7800000, 0x0000000100000000)
  eden space 151552K, 100% used [0x00000000eab00000,0x00000000f3f00000,0x00000000f3f00000)
  from space 26624K, 85% used [0x00000000f5b80000,0x00000000f71a6928,0x00000000f7580000)
  to   space 29184K, 0% used [0x00000000f3f00000,0x00000000f3f00000,0x00000000f5b80000)
 ParOldGen       total 158720K, used 37683K [0x00000000c0000000, 0x00000000c9b00000, 0x00000000eab00000)
  object space 158720K, 23% used [0x00000000c0000000,0x00000000c24ccea0,0x00000000c9b00000)
 Metaspace       used 68269K, capacity 71926K, committed 72088K, reserved 1112064K
  class space    used 9177K, capacity 10045K, committed 10144K, reserved 1048576K
Event: 156.265 GC heap after
Heap after GC invocations=22 (full 3):
 PSYoungGen      total 180736K, used 22612K [0x00000000eab00000, 0x00000000f8780000, 0x0000000100000000)
  eden space 151552K, 0% used [0x00000000eab00000,0x00000000eab00000,0x00000000f3f00000)
  from space 29184K, 77% used [0x00000000f3f00000,0x00000000f5515300,0x00000000f5b80000)
  to   space 30720K, 0% used [0x00000000f6980000,0x00000000f6980000,0x00000000f8780000)
 ParOldGen       total 158720K, used 37691K [0x00000000c0000000, 0x00000000c9b00000, 0x00000000eab00000)
  object space 158720K, 23% used [0x00000000c0000000,0x00000000c24ceea0,0x00000000c9b00000)
 Metaspace       used 68269K, capacity 71926K, committed 72088K, reserved 1112064K
  class space    used 9177K, capacity 10045K, committed 10144K, reserved 1048576K
}

